[debug] [2022-06-09T16:40:10.423Z] ----------------------------------------------------------------------
[debug] [2022-06-09T16:40:10.429Z] Command:       C:\Users\user\anaconda3\node.exe C:\Users\user\anaconda3\node_modules\firebase-tools\lib\bin\firebase.js init
[debug] [2022-06-09T16:40:10.430Z] CLI Version:   11.0.1
[debug] [2022-06-09T16:40:10.430Z] Platform:      win32
[debug] [2022-06-09T16:40:10.431Z] Node Version:  v17.1.0
[debug] [2022-06-09T16:40:10.433Z] Time:          Thu Jun 09 2022 17:40:10 GMT+0100 (West Africa Standard Time)
[debug] [2022-06-09T16:40:10.434Z] ----------------------------------------------------------------------
[debug] 
[debug] [2022-06-09T16:40:10.454Z] > command requires scopes: ["email","openid","https://www.googleapis.com/auth/cloudplatformprojects.readonly","https://www.googleapis.com/auth/firebase","https://www.googleapis.com/auth/cloud-platform"]
[debug] [2022-06-09T16:40:10.455Z] > authorizing via signed-in user (akintundedavid.da@gmail.com)
[info] 
     ######## #### ########  ######## ########     ###     ######  ########
     ##        ##  ##     ## ##       ##     ##  ##   ##  ##       ##
     ######    ##  ########  ######   ########  #########  ######  ######
     ##        ##  ##    ##  ##       ##     ## ##     ##       ## ##
     ##       #### ##     ## ######## ########  ##     ##  ######  ########

You're about to initialize a Firebase project in this directory:

  C:\Admin\teamhope

Before we get started, keep in mind:

  * You are currently outside your home directory

[info] 
=== Project Setup
[info] 
[info] First, let's associate this project directory with a Firebase project.
[info] You can create multiple project aliases by running firebase use --add, 
[info] but for now we'll just set up a default project.
[info] 
[debug] [2022-06-09T16:41:05.672Z] > refreshing access token with scopes: []
[debug] [2022-06-09T16:41:05.673Z] >>> HTTP REQUEST POST https://www.googleapis.com/oauth2/v3/token  
 <request body omitted>
[debug] [2022-06-09T16:41:06.372Z] <<< HTTP RESPONSE 200 {"cache-control":"no-cache, no-store, max-age=0, must-revalidate","pragma":"no-cache","date":"Thu, 09 Jun 2022 16:41:07 GMT","expires":"Mon, 01 Jan 1990 00:00:00 GMT","content-type":"application/json; charset=utf-8","vary":"X-Origin, Referer, Origin,Accept-Encoding","server":"scaffolding on HTTPServer2","x-xss-protection":"0","x-frame-options":"SAMEORIGIN","x-content-type-options":"nosniff","alt-svc":"h3=\":443\"; ma=2592000,h3-29=\":443\"; ma=2592000,h3-Q050=\":443\"; ma=2592000,h3-Q046=\":443\"; ma=2592000,h3-Q043=\":443\"; ma=2592000,quic=\":443\"; ma=2592000; v=\"46,43\"","accept-ranges":"none","transfer-encoding":"chunked"}
[debug] [2022-06-09T16:41:06.458Z] >>> [apiv2][query] GET https://firebase.googleapis.com/v1beta1/projects pageSize=100
[debug] [2022-06-09T16:41:07.260Z] <<< [apiv2][status] GET https://firebase.googleapis.com/v1beta1/projects 200
[debug] [2022-06-09T16:41:07.260Z] <<< [apiv2][body] GET https://firebase.googleapis.com/v1beta1/projects [omitted]
[info] i  Using project teamhope-11f04 (teamhope) 
[info] 
=== Hosting Setup
[info] 
[info] Your public directory is the folder (relative to your project directory) that
[info] will contain Hosting assets to be uploaded with firebase deploy. If you
[info] have a build process for your assets, use your build's output directory.
[info] 
